<?xml version="1.0" encoding="UTF-8"?>
<!-- Generated by org.testng.reporters.JUnitReportReporter -->
<testsuite hostname="rgupta-win10" failures="0" tests="2" name="TestNGPracticePackage.SureFireTest" time="0.001" errors="0" timestamp="2022-01-05T17:55:42 IST" skipped="0">
  <testcase classname="TestNGPracticePackage.SureFireTest" name="rahul" time="0.001"/>
  <system-out/>
  <testcase classname="TestNGPracticePackage.SureFireTest" name="surefireTest" time="0.000"/>
  <system-out/>
</testsuite> <!-- TestNGPracticePackage.SureFireTest -->
