<?xml version="1.0" encoding="UTF-8"?>
<!-- Generated by org.testng.reporters.JUnitReportReporter -->
<testsuite hostname="rgupta-win10" failures="0" tests="10" name="TestNgPractice" time="0.002" errors="0" timestamp="2022-01-05T17:56:42 IST" skipped="0">
  <testcase classname="TestNgPractice" name="test3" time="0.000"/>
  <system-out/>
  <testcase classname="TestNgPractice" name="test2" time="0.000"/>
  <system-out/>
  <testcase classname="TestNgPractice" name="test4" time="0.000"/>
  <system-out/>
  <testcase classname="TestNgPractice" name="test5" time="0.000"/>
  <system-out/>
  <testcase classname="TestNgPractice" name="test1" time="0.001"/>
  <system-out/>
  <testcase classname="TestNgPractice" name="test2" time="0.001"/>
  <system-out/>
  <testcase classname="TestNgPractice" name="test3" time="0.000"/>
  <system-out/>
  <testcase classname="TestNgPractice" name="test4" time="0.000"/>
  <system-out/>
  <testcase classname="TestNgPractice" name="test1" time="0.000"/>
  <system-out/>
  <testcase classname="TestNgPractice" name="test4" time="0.000"/>
  <system-out/>
</testsuite> <!-- TestNgPractice -->
