<?xml version="1.0" encoding="UTF-8"?>
<!-- Generated by org.testng.reporters.JUnitReportReporter -->
<testsuite hostname="rgupta-win10" failures="0" tests="1" name="TestNGPracticePackage.TestNgAnnotationsPractice" time="0.000" errors="0" timestamp="2022-01-05T17:56:42 IST" skipped="0">
  <testcase classname="TestNGPracticePackage.TestNgAnnotationsPractice" name="test" time="0.000"/>
  <system-out/>
</testsuite> <!-- TestNGPracticePackage.TestNgAnnotationsPractice -->
